<?xml version="1.0" encoding="UTF-8"?>
<!-- Generated by org.testng.reporters.JUnitXMLReporter -->
<testsuite ignored="0" hostname="LAPTOP-DK38VD03" failures="0" tests="3" name="Default test" time="3.419" errors="0" timestamp="2023-11-15T12:09:37 IST">
  <testcase classname="com.sportyshoes.Tests.OrderpageTest" name="test_login" time="0.187"/>
  <testcase classname="com.sportyshoes.Tests.OrderpageTest" name="test_click_orders" time="0.173"/>
  <testcase classname="com.sportyshoes.Tests.OrderpageTest" name="test_getTitle_page" time="0.018"/>
</testsuite> <!-- Default test -->
