<?xml version="1.0" encoding="UTF-8"?>
<testng-results ignored="0" total="3" passed="3" failed="0" skipped="0">
  <reporter-output>
  </reporter-output>
  <suite started-at="2023-11-15T12:09:33 IST" name="Default suite" finished-at="2023-11-15T12:09:37 IST" duration-ms="3419">
    <groups>
    </groups>
    <test started-at="2023-11-15T12:09:33 IST" name="Default test" finished-at="2023-11-15T12:09:37 IST" duration-ms="3419">
      <class name="com.sportyshoes.Tests.OrderpageTest">
        <test-method is-config="true" signature="start_browser()[pri:0, instance:com.sportyshoes.Tests.OrderpageTest@5e7cd6cc]" started-at="2023-11-15T12:09:33 IST" name="start_browser" finished-at="2023-11-15T12:09:36 IST" duration-ms="2980" status="PASS">
          <reporter-output>
          </reporter-output>
        </test-method> <!-- start_browser -->
        <test-method signature="test_login()[pri:49, instance:com.sportyshoes.Tests.OrderpageTest@5e7cd6cc]" started-at="2023-11-15T12:09:36 IST" name="test_login" finished-at="2023-11-15T12:09:37 IST" duration-ms="187" status="PASS">
          <reporter-output>
          </reporter-output>
        </test-method> <!-- test_login -->
        <test-method signature="test_click_orders()[pri:50, instance:com.sportyshoes.Tests.OrderpageTest@5e7cd6cc]" started-at="2023-11-15T12:09:37 IST" name="test_click_orders" finished-at="2023-11-15T12:09:37 IST" duration-ms="173" status="PASS">
          <reporter-output>
          </reporter-output>
        </test-method> <!-- test_click_orders -->
        <test-method signature="test_getTitle_page()[pri:51, instance:com.sportyshoes.Tests.OrderpageTest@5e7cd6cc]" started-at="2023-11-15T12:09:37 IST" name="test_getTitle_page" finished-at="2023-11-15T12:09:37 IST" duration-ms="18" status="PASS">
          <reporter-output>
          </reporter-output>
        </test-method> <!-- test_getTitle_page -->
      </class> <!-- com.sportyshoes.Tests.OrderpageTest -->
    </test> <!-- Default test -->
  </suite> <!-- Default suite -->
</testng-results>
